/*C3*/SET SCHEMA PUBLIC
create table if not exists log_entries (id varchar(30), durationMillis INTEGER, type varchar(45), host varchar(10), alert BOOLEAN)
INSERT INTO LOG_ENTRIES VALUES('scsmbstgra',5,'APPLICATION_LOG','12345',TRUE)
COMMIT
INSERT INTO LOG_ENTRIES VALUES('scsmbstgrb',3,NULL,NULL,FALSE)
COMMIT
INSERT INTO LOG_ENTRIES VALUES('scsmbstgrc',8,NULL,NULL,TRUE)
COMMIT
INSERT INTO LOG_ENTRIES VALUES('scsmbstgrd',105,'APPLICATION_LOG','12346',TRUE)
COMMIT
INSERT INTO LOG_ENTRIES VALUES('scsmbstgrf',8,NULL,NULL,TRUE)
COMMIT
INSERT INTO LOG_ENTRIES VALUES('scsmbstgre',3,NULL,NULL,FALSE)
COMMIT
INSERT INTO LOG_ENTRIES VALUES('scsmbstgrl',123,NULL,NULL,TRUE)
COMMIT
INSERT INTO LOG_ENTRIES VALUES('scsmbstgrg',5,'APPLICATION_LOG','12347',TRUE)
COMMIT
INSERT INTO LOG_ENTRIES VALUES('scsmbstgrh',3,NULL,NULL,FALSE)
COMMIT
INSERT INTO LOG_ENTRIES VALUES('scsmbstgri',8,NULL,NULL,TRUE)
COMMIT
INSERT INTO LOG_ENTRIES VALUES('scsmbstgrj',25,'APPLICATION_LOG','12348',TRUE)
COMMIT
INSERT INTO LOG_ENTRIES VALUES('scsmbstgrk',63,NULL,NULL,TRUE)
COMMIT
DISCONNECT
